0 info it worked if it ends with ok
1 verbose cli [ '/home/michael/.nvm/versions/node/v6.9.1/bin/node',
1 verbose cli   '/home/michael/.nvm/versions/node/v6.9.1/bin/npm',
1 verbose cli   'version',
1 verbose cli   'patch' ]
2 info using npm@4.0.5
3 info using node@v6.9.1
4 info git [ 'status', '--porcelain' ]
5 verbose stack Error: Git working directory not clean.
5 verbose stack M src/index.js
5 verbose stack     at /home/michael/.nvm/versions/node/v6.9.1/lib/node_modules/npm/lib/version.js:247:19
5 verbose stack     at /home/michael/.nvm/versions/node/v6.9.1/lib/node_modules/npm/lib/utils/no-progress-while-running.js:21:8
5 verbose stack     at ChildProcess.exithandler (child_process.js:197:7)
5 verbose stack     at emitTwo (events.js:106:13)
5 verbose stack     at ChildProcess.emit (events.js:191:7)
5 verbose stack     at maybeClose (internal/child_process.js:877:16)
5 verbose stack     at Process.ChildProcess._handle.onexit (internal/child_process.js:226:5)
6 verbose cwd /home/michael/Projects/simple-vue-notifications
7 error Linux 4.4.0-36-generic
8 error argv "/home/michael/.nvm/versions/node/v6.9.1/bin/node" "/home/michael/.nvm/versions/node/v6.9.1/bin/npm" "version" "patch"
9 error node v6.9.1
10 error npm  v4.0.5
11 error Git working directory not clean.
11 error M src/index.js
12 error If you need help, you may report this error at:
12 error     <https://github.com/npm/npm/issues>
13 verbose exit [ 1, true ]
